<?xml version="1.0" encoding="utf-8"?><testsuites name="pytest tests"><testsuite name="pytest" errors="0" failures="0" skipped="0" tests="19" time="145.228" timestamp="2026-06-08T19:09:02.751002+00:00" hostname="agent-env-fbe765d4-3bc7-4337-b43a-fdc15cfe2259"><testcase classname="backend.tests.test_iteration3.TestStatsToday" name="test_stats_today_shape" time="0.688" /><testcase classname="backend.tests.test_iteration3.TestStatsToday" name="test_stats_today_low_stock_fields_and_threshold" time="0.150" /><testcase classname="backend.tests.test_iteration3.TestStatsToday" name="test_stats_today_revenue_and_counts_after_paid_order" time="1.040" /><testcase classname="backend.tests.test_iteration3.TestShiftNotes" name="test_requires_auth" time="0.164" /><testcase classname="backend.tests.test_iteration3.TestShiftNotes" name="test_create_get_delete_sorted_desc" time="0.930" /><testcase classname="backend.tests.test_iteration3.TestShiftNotes" name="test_empty_text_returns_400" time="0.165" /><testcase classname="backend.tests.test_iteration3.TestShiftNotes" name="test_whitespace_text_returns_400" time="0.136" /><testcase classname="backend.tests.test_iteration3.TestShiftNotes" name="test_author_email_is_caller" time="1.174" /><testcase classname="backend.tests.test_iteration3.TestItemPercentPromo" name="test_create_item_percent_admin" time="0.303" /><testcase classname="backend.tests.test_iteration3.TestItemPercentPromo" name="test_create_item_percent_werknemer_forbidden" time="0.128" /><testcase classname="backend.tests.test_iteration3.TestItemPercentPromo" name="test_item_percent_math" time="0.782" /><testcase classname="backend.tests.test_iteration3.TestMultiPromotions" name="test_create_order_with_two_promos_additive" time="0.874" /><testcase classname="backend.tests.test_iteration3.TestMultiPromotions" name="test_multi_promo_discount_capped_at_subtotal" time="0.910" /><testcase classname="backend.tests.test_iteration3.TestSetOrderPromotions" name="test_put_replaces_list_and_recalcs" time="0.976" /><testcase classname="backend.tests.test_iteration3.TestSetOrderPromotions" name="test_put_filters_invalid_ids" time="133.484" /><testcase classname="backend.tests.test_iteration3.TestSetOrderPromotions" name="test_put_on_paid_order_returns_400" time="0.933" /><testcase classname="backend.tests.test_iteration3.TestSetOrderPromotions" name="test_put_werknemer_allowed" time="0.734" /><testcase classname="backend.tests.test_iteration3.TestOrderShape" name="test_order_has_subtotal_and_promotion_ids_list" time="0.308" /><testcase classname="backend.tests.test_iteration3.TestOrderShape" name="test_add_items_recalc_uses_all_promotion_ids" time="1.145" /></testsuite></testsuites>